<?xml version="1.0" encoding="UTF-8"?>
<testng-results skipped="0" failed="0" total="1" passed="1">
  <reporter-output>
  </reporter-output>
  <suite name="Default suite" duration-ms="55" started-at="2018-07-31T07:39:32Z" finished-at="2018-07-31T07:39:32Z">
    <groups>
    </groups>
    <test name="Default test" duration-ms="55" started-at="2018-07-31T07:39:32Z" finished-at="2018-07-31T07:39:32Z">
      <class name="com.qaautomatiom.selenium.demofromaveen">
        <test-method status="PASS" signature="testhello()" name="testhello" duration-ms="32" started-at="2018-07-31T07:39:32Z" finished-at="2018-07-31T07:39:32Z">
        </test-method>
      </class>
    </test>
  </suite>
</testng-results>
